[2026-05-22 05:49:20Z INFO HostContext] No proxy settings were found based on environmental variables (http_proxy/https_proxy/HTTP_PROXY/HTTPS_PROXY)
[2026-05-22 05:49:20Z INFO HostContext] Well known directory 'Bin': 'C:\Users\HP\Desktop\cn-ai-monitor\actions-runner\bin'
[2026-05-22 05:49:20Z INFO HostContext] Well known directory 'Root': 'C:\Users\HP\Desktop\cn-ai-monitor\actions-runner'
[2026-05-22 05:49:20Z INFO HostContext] Well known config file 'Credentials': 'C:\Users\HP\Desktop\cn-ai-monitor\actions-runner\.credentials'
[2026-05-22 05:49:20Z INFO HostContext] Well known directory 'Bin': 'C:\Users\HP\Desktop\cn-ai-monitor\actions-runner\bin'
[2026-05-22 05:49:20Z INFO HostContext] Well known directory 'Root': 'C:\Users\HP\Desktop\cn-ai-monitor\actions-runner'
[2026-05-22 05:49:20Z INFO HostContext] Well known config file 'Runner': 'C:\Users\HP\Desktop\cn-ai-monitor\actions-runner\.runner'
[2026-05-22 05:49:20Z INFO Listener] Runner is built for Windows (X64) - win-x64.
[2026-05-22 05:49:20Z INFO Listener] RuntimeInformation: Microsoft Windows 10.0.26200.
[2026-05-22 05:49:20Z INFO Listener] Version: 2.334.0
[2026-05-22 05:49:20Z INFO Listener] Commit: f1995ede5d885c997d13d8eca5467c4ce97fe69c
[2026-05-22 05:49:20Z INFO Listener] Culture: zh-CN
[2026-05-22 05:49:20Z INFO Listener] UI Culture: zh-CN
[2026-05-22 05:49:20Z INFO HostContext] Well known directory 'Bin': 'C:\Users\HP\Desktop\cn-ai-monitor\actions-runner\bin'
[2026-05-22 05:49:20Z INFO HostContext] Well known directory 'Root': 'C:\Users\HP\Desktop\cn-ai-monitor\actions-runner'
[2026-05-22 05:49:20Z INFO Listener] Validating directory permissions for: 'C:\Users\HP\Desktop\cn-ai-monitor\actions-runner'
[2026-05-22 05:49:20Z INFO CommandLineParser] Parse
[2026-05-22 05:49:20Z INFO CommandLineParser] Parsing 1 args
[2026-05-22 05:49:20Z INFO CommandLineParser] parsing argument
[2026-05-22 05:49:20Z INFO CommandLineParser] HasArgs: False
[2026-05-22 05:49:20Z INFO CommandLineParser] Adding Command: remove
[2026-05-22 05:49:20Z INFO Listener] Arguments parsed
[2026-05-22 05:49:20Z INFO Runner] ExecuteCommand
[2026-05-22 05:49:20Z INFO ConfigurationStore] currentAssemblyLocation: C:\Users\HP\Desktop\cn-ai-monitor\actions-runner\bin\Runner.Listener.dll
[2026-05-22 05:49:20Z INFO HostContext] Well known directory 'Bin': 'C:\Users\HP\Desktop\cn-ai-monitor\actions-runner\bin'
[2026-05-22 05:49:20Z INFO ConfigurationStore] binPath: C:\Users\HP\Desktop\cn-ai-monitor\actions-runner\bin
[2026-05-22 05:49:20Z INFO HostContext] Well known directory 'Bin': 'C:\Users\HP\Desktop\cn-ai-monitor\actions-runner\bin'
[2026-05-22 05:49:20Z INFO HostContext] Well known directory 'Root': 'C:\Users\HP\Desktop\cn-ai-monitor\actions-runner'
[2026-05-22 05:49:20Z INFO ConfigurationStore] RootFolder: C:\Users\HP\Desktop\cn-ai-monitor\actions-runner
[2026-05-22 05:49:20Z INFO HostContext] Well known directory 'Bin': 'C:\Users\HP\Desktop\cn-ai-monitor\actions-runner\bin'
[2026-05-22 05:49:20Z INFO HostContext] Well known directory 'Root': 'C:\Users\HP\Desktop\cn-ai-monitor\actions-runner'
[2026-05-22 05:49:20Z INFO HostContext] Well known config file 'Runner': 'C:\Users\HP\Desktop\cn-ai-monitor\actions-runner\.runner'
[2026-05-22 05:49:20Z INFO ConfigurationStore] ConfigFilePath: C:\Users\HP\Desktop\cn-ai-monitor\actions-runner\.runner
[2026-05-22 05:49:20Z INFO HostContext] Well known directory 'Bin': 'C:\Users\HP\Desktop\cn-ai-monitor\actions-runner\bin'
[2026-05-22 05:49:20Z INFO HostContext] Well known directory 'Root': 'C:\Users\HP\Desktop\cn-ai-monitor\actions-runner'
[2026-05-22 05:49:20Z INFO HostContext] Well known config file 'MigratedRunner': 'C:\Users\HP\Desktop\cn-ai-monitor\actions-runner\.runner_migrated'
[2026-05-22 05:49:20Z INFO ConfigurationStore] MigratedConfigFilePath: C:\Users\HP\Desktop\cn-ai-monitor\actions-runner\.runner_migrated
[2026-05-22 05:49:20Z INFO HostContext] Well known directory 'Bin': 'C:\Users\HP\Desktop\cn-ai-monitor\actions-runner\bin'
[2026-05-22 05:49:20Z INFO HostContext] Well known directory 'Root': 'C:\Users\HP\Desktop\cn-ai-monitor\actions-runner'
[2026-05-22 05:49:20Z INFO HostContext] Well known config file 'Credentials': 'C:\Users\HP\Desktop\cn-ai-monitor\actions-runner\.credentials'
[2026-05-22 05:49:20Z INFO ConfigurationStore] CredFilePath: C:\Users\HP\Desktop\cn-ai-monitor\actions-runner\.credentials
[2026-05-22 05:49:20Z INFO HostContext] Well known directory 'Bin': 'C:\Users\HP\Desktop\cn-ai-monitor\actions-runner\bin'
[2026-05-22 05:49:20Z INFO HostContext] Well known directory 'Root': 'C:\Users\HP\Desktop\cn-ai-monitor\actions-runner'
[2026-05-22 05:49:20Z INFO HostContext] Well known config file 'MigratedCredentials': 'C:\Users\HP\Desktop\cn-ai-monitor\actions-runner\.credentials_migrated'
[2026-05-22 05:49:20Z INFO ConfigurationStore] MigratedCredFilePath: C:\Users\HP\Desktop\cn-ai-monitor\actions-runner\.credentials_migrated
[2026-05-22 05:49:20Z INFO HostContext] Well known directory 'Bin': 'C:\Users\HP\Desktop\cn-ai-monitor\actions-runner\bin'
[2026-05-22 05:49:20Z INFO HostContext] Well known directory 'Root': 'C:\Users\HP\Desktop\cn-ai-monitor\actions-runner'
[2026-05-22 05:49:20Z INFO HostContext] Well known config file 'Service': 'C:\Users\HP\Desktop\cn-ai-monitor\actions-runner\.service'
[2026-05-22 05:49:20Z INFO ConfigurationStore] ServiceConfigFilePath: C:\Users\HP\Desktop\cn-ai-monitor\actions-runner\.service
[2026-05-22 05:49:20Z INFO CommandSettings] Flag 'help': 'False'
[2026-05-22 05:49:20Z INFO CommandSettings] Flag 'version': 'False'
[2026-05-22 05:49:20Z INFO CommandSettings] Flag 'commit': 'False'
[2026-05-22 05:49:20Z INFO CommandSettings] Flag 'check': 'False'
[2026-05-22 05:49:20Z INFO CommandSettings] Command 'configure': 'False'
[2026-05-22 05:49:20Z INFO CommandSettings] Command 'remove': 'True'
[2026-05-22 05:49:20Z INFO CommandSettings] Flag 'local': 'False'
[2026-05-22 05:49:20Z INFO ConfigurationStore] IsServiceConfigured()
[2026-05-22 05:49:20Z INFO ConfigurationStore] IsServiceConfigured: False
[2026-05-22 05:49:20Z INFO ConfigurationStore] IsConfigured()
[2026-05-22 05:49:20Z INFO ConfigurationStore] IsConfigured: True
[2026-05-22 05:49:20Z INFO ConfigurationStore] HasCredentials()
[2026-05-22 05:49:20Z INFO ConfigurationStore] stored True
[2026-05-22 05:49:20Z INFO ConfigurationStore] Read setting file: 405 chars
[2026-05-22 05:49:20Z INFO CommandSettings] Arg 'token': ''
[2026-05-22 05:49:20Z INFO CommandSettings] Flag 'unattended': 'False'
[2026-05-22 05:49:20Z INFO PromptManager] ReadValue
[2026-05-22 05:49:20Z INFO Terminal] WRITE: Enter runner remove token: 
[2026-05-22 05:49:20Z INFO Terminal] READ SECRET
[2026-05-22 05:49:41Z INFO Terminal] Read value: '***'
[2026-05-22 05:49:41Z INFO ConfigurationManager] Http response code: OK from 'POST https://api.github.com/actions/runner-registration' (C76B:6CDF4:5721C0:583B79:6A0FEE75)
[2026-05-22 05:49:41Z INFO ConfigurationManager] cred retrieved via GitHub auth
[2026-05-22 05:49:41Z INFO RunnerServer] EstablishVssConnection
[2026-05-22 05:49:41Z INFO RunnerServer] Establish connection with 100 seconds timeout.
[2026-05-22 05:49:41Z INFO GitHubActionsService] Starting operation Location.GetConnectionData
[2026-05-22 05:49:41Z INFO RunnerServer] EstablishVssConnection
[2026-05-22 05:49:41Z INFO RunnerServer] Establish connection with 60 seconds timeout.
[2026-05-22 05:49:41Z INFO GitHubActionsService] Starting operation Location.GetConnectionData
[2026-05-22 05:49:41Z INFO RunnerServer] EstablishVssConnection
[2026-05-22 05:49:41Z INFO RunnerServer] Establish connection with 60 seconds timeout.
[2026-05-22 05:49:41Z INFO GitHubActionsService] Starting operation Location.GetConnectionData
[2026-05-22 05:49:42Z INFO GitHubActionsService] Finished operation Location.GetConnectionData
[2026-05-22 05:49:42Z INFO GitHubActionsService] Finished operation Location.GetConnectionData
[2026-05-22 05:49:42Z INFO GitHubActionsService] Finished operation Location.GetConnectionData
[2026-05-22 05:49:43Z INFO Terminal] WRITE LINE: 
[2026-05-22 05:49:43Z INFO ConfigurationStore] IsConfigured()
[2026-05-22 05:49:43Z INFO ConfigurationStore] IsConfigured: True
[2026-05-22 05:49:43Z INFO ConfigurationStore] HasCredentials()
[2026-05-22 05:49:43Z INFO ConfigurationStore] stored True
[2026-05-22 05:49:43Z INFO HostContext] Well known directory 'Bin': 'C:\Users\HP\Desktop\cn-ai-monitor\actions-runner\bin'
[2026-05-22 05:49:43Z INFO HostContext] Well known directory 'Root': 'C:\Users\HP\Desktop\cn-ai-monitor\actions-runner'
[2026-05-22 05:49:43Z INFO HostContext] Well known config file 'RSACredentials': 'C:\Users\HP\Desktop\cn-ai-monitor\actions-runner\.credentials_rsaparams'
[2026-05-22 05:49:43Z INFO RSAEncryptedFileKeyManager] Deleting RSA key parameters file C:\Users\HP\Desktop\cn-ai-monitor\actions-runner\.credentials_rsaparams
[2026-05-22 05:49:43Z INFO Terminal] WRITE LINE: 
[2026-05-22 05:49:43Z INFO Listener] Runner execution has finished with return code 0
