[2026-05-22 06:13:54Z INFO HostContext] No proxy settings were found based on environmental variables (http_proxy/https_proxy/HTTP_PROXY/HTTPS_PROXY)
[2026-05-22 06:13:54Z INFO HostContext] Well known directory 'Bin': 'C:\Users\HP\Desktop\cn-ai-monitor\actions-runner\bin'
[2026-05-22 06:13:54Z INFO HostContext] Well known directory 'Root': 'C:\Users\HP\Desktop\cn-ai-monitor\actions-runner'
[2026-05-22 06:13:54Z INFO HostContext] Well known config file 'Credentials': 'C:\Users\HP\Desktop\cn-ai-monitor\actions-runner\.credentials'
[2026-05-22 06:13:54Z INFO HostContext] Well known directory 'Bin': 'C:\Users\HP\Desktop\cn-ai-monitor\actions-runner\bin'
[2026-05-22 06:13:54Z INFO HostContext] Well known directory 'Root': 'C:\Users\HP\Desktop\cn-ai-monitor\actions-runner'
[2026-05-22 06:13:54Z INFO HostContext] Well known config file 'Runner': 'C:\Users\HP\Desktop\cn-ai-monitor\actions-runner\.runner'
[2026-05-22 06:13:54Z INFO Listener] Runner is built for Windows (X64) - win-x64.
[2026-05-22 06:13:54Z INFO Listener] RuntimeInformation: Microsoft Windows 10.0.26200.
[2026-05-22 06:13:54Z INFO Listener] Version: 2.334.0
[2026-05-22 06:13:54Z INFO Listener] Commit: f1995ede5d885c997d13d8eca5467c4ce97fe69c
[2026-05-22 06:13:54Z INFO Listener] Culture: zh-CN
[2026-05-22 06:13:54Z INFO Listener] UI Culture: zh-CN
[2026-05-22 06:13:54Z INFO HostContext] Well known directory 'Bin': 'C:\Users\HP\Desktop\cn-ai-monitor\actions-runner\bin'
[2026-05-22 06:13:54Z INFO HostContext] Well known directory 'Root': 'C:\Users\HP\Desktop\cn-ai-monitor\actions-runner'
[2026-05-22 06:13:54Z INFO Listener] Validating directory permissions for: 'C:\Users\HP\Desktop\cn-ai-monitor\actions-runner'
[2026-05-22 06:13:54Z INFO CommandLineParser] Parse
[2026-05-22 06:13:54Z INFO CommandLineParser] Parsing 1 args
[2026-05-22 06:13:54Z INFO CommandLineParser] parsing argument
[2026-05-22 06:13:54Z INFO CommandLineParser] HasArgs: False
[2026-05-22 06:13:54Z INFO CommandLineParser] Adding Command: run
[2026-05-22 06:13:54Z INFO Listener] Arguments parsed
[2026-05-22 06:13:54Z INFO Runner] ExecuteCommand
[2026-05-22 06:13:54Z INFO ConfigurationStore] currentAssemblyLocation: C:\Users\HP\Desktop\cn-ai-monitor\actions-runner\bin\Runner.Listener.dll
[2026-05-22 06:13:54Z INFO HostContext] Well known directory 'Bin': 'C:\Users\HP\Desktop\cn-ai-monitor\actions-runner\bin'
[2026-05-22 06:13:54Z INFO ConfigurationStore] binPath: C:\Users\HP\Desktop\cn-ai-monitor\actions-runner\bin
[2026-05-22 06:13:54Z INFO HostContext] Well known directory 'Bin': 'C:\Users\HP\Desktop\cn-ai-monitor\actions-runner\bin'
[2026-05-22 06:13:54Z INFO HostContext] Well known directory 'Root': 'C:\Users\HP\Desktop\cn-ai-monitor\actions-runner'
[2026-05-22 06:13:54Z INFO ConfigurationStore] RootFolder: C:\Users\HP\Desktop\cn-ai-monitor\actions-runner
[2026-05-22 06:13:54Z INFO HostContext] Well known directory 'Bin': 'C:\Users\HP\Desktop\cn-ai-monitor\actions-runner\bin'
[2026-05-22 06:13:54Z INFO HostContext] Well known directory 'Root': 'C:\Users\HP\Desktop\cn-ai-monitor\actions-runner'
[2026-05-22 06:13:54Z INFO HostContext] Well known config file 'Runner': 'C:\Users\HP\Desktop\cn-ai-monitor\actions-runner\.runner'
[2026-05-22 06:13:54Z INFO ConfigurationStore] ConfigFilePath: C:\Users\HP\Desktop\cn-ai-monitor\actions-runner\.runner
[2026-05-22 06:13:54Z INFO HostContext] Well known directory 'Bin': 'C:\Users\HP\Desktop\cn-ai-monitor\actions-runner\bin'
[2026-05-22 06:13:54Z INFO HostContext] Well known directory 'Root': 'C:\Users\HP\Desktop\cn-ai-monitor\actions-runner'
[2026-05-22 06:13:54Z INFO HostContext] Well known config file 'MigratedRunner': 'C:\Users\HP\Desktop\cn-ai-monitor\actions-runner\.runner_migrated'
[2026-05-22 06:13:54Z INFO ConfigurationStore] MigratedConfigFilePath: C:\Users\HP\Desktop\cn-ai-monitor\actions-runner\.runner_migrated
[2026-05-22 06:13:54Z INFO HostContext] Well known directory 'Bin': 'C:\Users\HP\Desktop\cn-ai-monitor\actions-runner\bin'
[2026-05-22 06:13:54Z INFO HostContext] Well known directory 'Root': 'C:\Users\HP\Desktop\cn-ai-monitor\actions-runner'
[2026-05-22 06:13:54Z INFO HostContext] Well known config file 'Credentials': 'C:\Users\HP\Desktop\cn-ai-monitor\actions-runner\.credentials'
[2026-05-22 06:13:54Z INFO ConfigurationStore] CredFilePath: C:\Users\HP\Desktop\cn-ai-monitor\actions-runner\.credentials
[2026-05-22 06:13:54Z INFO HostContext] Well known directory 'Bin': 'C:\Users\HP\Desktop\cn-ai-monitor\actions-runner\bin'
[2026-05-22 06:13:54Z INFO HostContext] Well known directory 'Root': 'C:\Users\HP\Desktop\cn-ai-monitor\actions-runner'
[2026-05-22 06:13:54Z INFO HostContext] Well known config file 'MigratedCredentials': 'C:\Users\HP\Desktop\cn-ai-monitor\actions-runner\.credentials_migrated'
[2026-05-22 06:13:54Z INFO ConfigurationStore] MigratedCredFilePath: C:\Users\HP\Desktop\cn-ai-monitor\actions-runner\.credentials_migrated
[2026-05-22 06:13:54Z INFO HostContext] Well known directory 'Bin': 'C:\Users\HP\Desktop\cn-ai-monitor\actions-runner\bin'
[2026-05-22 06:13:54Z INFO HostContext] Well known directory 'Root': 'C:\Users\HP\Desktop\cn-ai-monitor\actions-runner'
[2026-05-22 06:13:54Z INFO HostContext] Well known config file 'Service': 'C:\Users\HP\Desktop\cn-ai-monitor\actions-runner\.service'
[2026-05-22 06:13:54Z INFO ConfigurationStore] ServiceConfigFilePath: C:\Users\HP\Desktop\cn-ai-monitor\actions-runner\.service
[2026-05-22 06:13:54Z INFO CommandSettings] Flag 'help': 'False'
[2026-05-22 06:13:54Z INFO CommandSettings] Flag 'version': 'False'
[2026-05-22 06:13:54Z INFO CommandSettings] Flag 'commit': 'False'
[2026-05-22 06:13:54Z INFO CommandSettings] Flag 'check': 'False'
[2026-05-22 06:13:54Z INFO CommandSettings] Command 'configure': 'False'
[2026-05-22 06:13:54Z INFO CommandSettings] Command 'remove': 'False'
[2026-05-22 06:13:54Z INFO CommandSettings] Command 'warmup': 'False'
[2026-05-22 06:13:54Z INFO ConfigurationManager] LoadSettings
[2026-05-22 06:13:54Z INFO ConfigurationStore] IsConfigured()
[2026-05-22 06:13:54Z INFO ConfigurationStore] IsConfigured: True
[2026-05-22 06:13:54Z INFO ConfigurationManager] Is configured: True
[2026-05-22 06:13:54Z INFO ConfigurationStore] Read setting file: 405 chars
[2026-05-22 06:13:54Z INFO ConfigurationManager] Settings Loaded
[2026-05-22 06:13:54Z INFO ConfigurationStore] IsServiceConfigured()
[2026-05-22 06:13:54Z INFO ConfigurationStore] IsServiceConfigured: False
[2026-05-22 06:13:54Z INFO CommandSettings] Command 'run': 'True'
[2026-05-22 06:13:54Z INFO ConfigurationStore] IsConfigured()
[2026-05-22 06:13:54Z INFO ConfigurationStore] IsConfigured: True
[2026-05-22 06:13:54Z INFO ConfigurationManager] Is configured: True
[2026-05-22 06:13:54Z INFO Runner] Could not parse the argument value '' for StartupType. Defaulting to Manual
[2026-05-22 06:13:54Z INFO Runner] Set runner startup type - Manual
[2026-05-22 06:13:54Z INFO CommandSettings] Flag 'once': 'False'
[2026-05-22 06:13:54Z INFO CommandSettings] Flag 'once': 'False'
[2026-05-22 06:13:54Z INFO Runner] RunAsync
[2026-05-22 06:13:54Z INFO HostContext] Well known directory 'Bin': 'C:\Users\HP\Desktop\cn-ai-monitor\actions-runner\bin'
[2026-05-22 06:13:54Z INFO HostContext] Well known directory 'Root': 'C:\Users\HP\Desktop\cn-ai-monitor\actions-runner'
[2026-05-22 06:13:54Z INFO HostContext] Well known directory 'Work': 'C:\Users\HP\Desktop\cn-ai-monitor\actions-runner\_work'
[2026-05-22 06:13:54Z INFO Runner] Validating directory permissions for: 'C:\Users\HP\Desktop\cn-ai-monitor\actions-runner\_work'
[2026-05-22 06:13:54Z INFO ConfigurationManager] LoadMigratedSettings
[2026-05-22 06:13:54Z INFO ConfigurationStore] IsMigratedConfigured()
[2026-05-22 06:13:54Z INFO ConfigurationStore] IsMigratedConfigured: False
[2026-05-22 06:13:54Z INFO Runner] Failed to load migrated settings: No migrated configuration found.
[2026-05-22 06:13:54Z INFO Runner] Falling back to original .runner settings
[2026-05-22 06:13:54Z INFO Runner] Using BrokerMessageListener
[2026-05-22 06:13:54Z INFO BrokerMessageListener] Using provided settings
[2026-05-22 06:13:54Z INFO BrokerMessageListener] {
  "AgentId": 22,
  "AgentName": "LAPTOP-3R1QPMN2",
  "PoolId": 1,
  "PoolName": "Default",
  "ServerUrl": "https://pipelinesghubeus6.actions.githubusercontent.com/vvsyLwDlA4DmNgXhKz20gfIBa28NbTb3Fw4MxJD7iZbb0xdbot/",
  "GitHubUrl": "https://github.com/sis017-pixel/cn-ai-monitor",
  "WorkFolder": "_work",
  "UseV2Flow": true,
  "ServerUrlV2": "https://broker.actions.githubusercontent.com/"
}
[2026-05-22 06:13:54Z INFO BrokerMessageListener] Loading Credentials
[2026-05-22 06:13:54Z INFO ConfigurationStore] HasCredentials()
[2026-05-22 06:13:54Z INFO ConfigurationStore] stored True
[2026-05-22 06:13:54Z INFO CredentialManager] GetCredentialProvider
[2026-05-22 06:13:54Z INFO CredentialManager] Creating type OAuth
[2026-05-22 06:13:54Z INFO CredentialManager] Creating credential type: OAuth
[2026-05-22 06:13:54Z INFO HostContext] Well known directory 'Bin': 'C:\Users\HP\Desktop\cn-ai-monitor\actions-runner\bin'
[2026-05-22 06:13:54Z INFO HostContext] Well known directory 'Root': 'C:\Users\HP\Desktop\cn-ai-monitor\actions-runner'
[2026-05-22 06:13:54Z INFO HostContext] Well known config file 'RSACredentials': 'C:\Users\HP\Desktop\cn-ai-monitor\actions-runner\.credentials_rsaparams'
[2026-05-22 06:13:54Z INFO RSAEncryptedFileKeyManager] Loading RSA key parameters from file C:\Users\HP\Desktop\cn-ai-monitor\actions-runner\.credentials_rsaparams
[2026-05-22 06:13:54Z INFO BrokerMessageListener] Attempt to create session.
[2026-05-22 06:13:54Z INFO BrokerMessageListener] Connecting to the Broker Server...
[2026-05-22 06:13:54Z INFO ConfigurationStore] HasCredentials()
[2026-05-22 06:13:54Z INFO ConfigurationStore] stored True
[2026-05-22 06:13:54Z INFO CredentialManager] GetCredentialProvider
[2026-05-22 06:13:54Z INFO CredentialManager] Creating type OAuth
[2026-05-22 06:13:54Z INFO CredentialManager] Creating credential type: OAuth
[2026-05-22 06:13:54Z INFO RSAEncryptedFileKeyManager] Loading RSA key parameters from file C:\Users\HP\Desktop\cn-ai-monitor\actions-runner\.credentials_rsaparams
[2026-05-22 06:13:54Z INFO BrokerMessageListener] VssConnection created
[2026-05-22 06:13:54Z INFO BrokerMessageListener] Connecting to the Runner server...
[2026-05-22 06:13:54Z INFO RunnerServer] EstablishVssConnection
[2026-05-22 06:13:54Z INFO RunnerServer] Establish connection with 100 seconds timeout.
[2026-05-22 06:13:54Z INFO GitHubActionsService] Starting operation Location.GetConnectionData
[2026-05-22 06:13:54Z INFO RunnerServer] EstablishVssConnection
[2026-05-22 06:13:54Z INFO RunnerServer] Establish connection with 60 seconds timeout.
[2026-05-22 06:13:54Z INFO GitHubActionsService] Starting operation Location.GetConnectionData
[2026-05-22 06:13:54Z INFO RunnerServer] EstablishVssConnection
[2026-05-22 06:13:54Z INFO RunnerServer] Establish connection with 60 seconds timeout.
[2026-05-22 06:13:54Z INFO GitHubActionsService] Starting operation Location.GetConnectionData
[2026-05-22 06:13:55Z INFO GitHubActionsService] Finished operation Location.GetConnectionData
[2026-05-22 06:13:55Z INFO GitHubActionsService] Finished operation Location.GetConnectionData
[2026-05-22 06:13:55Z INFO GitHubActionsService] Finished operation Location.GetConnectionData
[2026-05-22 06:13:55Z INFO BrokerMessageListener] VssConnection created
[2026-05-22 06:13:55Z INFO Terminal] WRITE LINE: 
[2026-05-22 06:13:55Z INFO Terminal] WRITE LINE: 
[2026-05-22 06:13:55Z INFO RSAEncryptedFileKeyManager] Loading RSA key parameters from file C:\Users\HP\Desktop\cn-ai-monitor\actions-runner\.credentials_rsaparams
[2026-05-22 06:13:55Z INFO RSAEncryptedFileKeyManager] Loading RSA key parameters from file C:\Users\HP\Desktop\cn-ai-monitor\actions-runner\.credentials_rsaparams
[2026-05-22 06:13:55Z INFO GitHubActionsService] AAD Correlation ID for this token request: Unknown
[2026-05-22 06:13:55Z INFO BrokerMessageListener] Session created.
[2026-05-22 06:13:55Z INFO Terminal] WRITE LINE: Current runner version: '2.334.0'
[2026-05-22 06:13:55Z INFO Terminal] WRITE LINE: 2026-05-22 06:13:55Z: Listening for Jobs
[2026-05-22 06:13:55Z INFO JobDispatcher] Set runner/worker IPC timeout to 30 seconds.
[2026-05-22 06:14:20Z INFO BrokerMessageListener] Acknowledging runner request '719509f4-e44f-5a5b-8c3b-e4383b9f6c3a'.
[2026-05-22 06:14:20Z INFO ConfigurationStore] HasCredentials()
[2026-05-22 06:14:20Z INFO ConfigurationStore] stored True
[2026-05-22 06:14:20Z INFO CredentialManager] GetCredentialProvider
[2026-05-22 06:14:20Z INFO CredentialManager] Creating type OAuth
[2026-05-22 06:14:20Z INFO CredentialManager] Creating credential type: OAuth
[2026-05-22 06:14:20Z INFO RSAEncryptedFileKeyManager] Loading RSA key parameters from file C:\Users\HP\Desktop\cn-ai-monitor\actions-runner\.credentials_rsaparams
[2026-05-22 06:14:20Z INFO RSAEncryptedFileKeyManager] Loading RSA key parameters from file C:\Users\HP\Desktop\cn-ai-monitor\actions-runner\.credentials_rsaparams
[2026-05-22 06:14:20Z INFO RSAEncryptedFileKeyManager] Loading RSA key parameters from file C:\Users\HP\Desktop\cn-ai-monitor\actions-runner\.credentials_rsaparams
[2026-05-22 06:14:21Z INFO GitHubActionsService] AAD Correlation ID for this token request: Unknown
[2026-05-22 06:14:22Z INFO JobDispatcher] Job request 0 for plan 7c947fe5-b754-488f-9e1e-fa6a463e7d0e job 719509f4-e44f-5a5b-8c3b-e4383b9f6c3a received.
[2026-05-22 06:14:22Z INFO JobDispatcher] Pull OrchestrationId 7c947fe5-b754-488f-9e1e-fa6a463e7d0e.run-pipeline.__default from JWT claims
[2026-05-22 06:14:22Z INFO BrokerMessageListener] Received job status event. JobState: Busy
[2026-05-22 06:14:22Z INFO BrokerMessageListener] _getMessagesTokenSource is already disposed.
[2026-05-22 06:14:22Z INFO Terminal] WRITE LINE: 2026-05-22 06:14:22Z: Running job: run-pipeline
[2026-05-22 06:14:22Z INFO JobDispatcher] Start renew job request 0 for job 719509f4-e44f-5a5b-8c3b-e4383b9f6c3a.
[2026-05-22 06:14:22Z INFO JobDispatcher] Successfully renew job 719509f4-e44f-5a5b-8c3b-e4383b9f6c3a, job is valid till 2026/5/22 6:24:22
[2026-05-22 06:14:22Z INFO HostContext] Well known directory 'Bin': 'C:\Users\HP\Desktop\cn-ai-monitor\actions-runner\bin'
[2026-05-22 06:14:22Z INFO ProcessInvokerWrapper] Starting process:
[2026-05-22 06:14:22Z INFO ProcessInvokerWrapper]   File name: 'C:\Users\HP\Desktop\cn-ai-monitor\actions-runner\bin\Runner.Worker.exe'
[2026-05-22 06:14:22Z INFO ProcessInvokerWrapper]   Arguments: 'spawnclient 2096 600'
[2026-05-22 06:14:22Z INFO ProcessInvokerWrapper]   Working directory: 'C:\Users\HP\Desktop\cn-ai-monitor\actions-runner\bin'
[2026-05-22 06:14:22Z INFO ProcessInvokerWrapper]   Require exit code zero: 'False'
[2026-05-22 06:14:22Z INFO ProcessInvokerWrapper]   Encoding web name:  ; code page: ''
[2026-05-22 06:14:22Z INFO ProcessInvokerWrapper]   Force kill process on cancellation: 'True'
[2026-05-22 06:14:22Z INFO ProcessInvokerWrapper]   Redirected STDIN: 'False'
[2026-05-22 06:14:22Z INFO ProcessInvokerWrapper]   Persist current code page: 'False'
[2026-05-22 06:14:22Z INFO ProcessInvokerWrapper]   Keep redirected STDIN open: 'False'
[2026-05-22 06:14:22Z INFO ProcessInvokerWrapper]   High priority process: 'True'
[2026-05-22 06:14:22Z INFO ProcessInvokerWrapper] Process started with process id 40096, waiting for process exit.
[2026-05-22 06:14:22Z INFO JobDispatcher] Send job request message to worker for job 719509f4-e44f-5a5b-8c3b-e4383b9f6c3a.
[2026-05-22 06:14:22Z INFO ProcessChannel] Sending message of length 28846, with hash '487941f6ead4aa4dbd1b261cc29f24f5dbc2d5a77d81f25dee8eade364319b13'
[2026-05-22 06:14:22Z INFO JobNotification] Entering JobStarted Notification
[2026-05-22 06:14:22Z INFO JobNotification] Entering StartMonitor
[2026-05-22 06:15:22Z INFO JobDispatcher] Successfully renew job 719509f4-e44f-5a5b-8c3b-e4383b9f6c3a, job is valid till 2026/5/22 6:25:22
[2026-05-22 06:16:22Z INFO JobDispatcher] Successfully renew job 719509f4-e44f-5a5b-8c3b-e4383b9f6c3a, job is valid till 2026/5/22 6:26:22
[2026-05-22 06:17:22Z INFO JobDispatcher] Successfully renew job 719509f4-e44f-5a5b-8c3b-e4383b9f6c3a, job is valid till 2026/5/22 6:27:22
[2026-05-22 06:18:22Z INFO JobDispatcher] Successfully renew job 719509f4-e44f-5a5b-8c3b-e4383b9f6c3a, job is valid till 2026/5/22 6:28:23
[2026-05-22 06:19:23Z INFO JobDispatcher] Successfully renew job 719509f4-e44f-5a5b-8c3b-e4383b9f6c3a, job is valid till 2026/5/22 6:29:23
[2026-05-22 06:20:23Z INFO JobDispatcher] Successfully renew job 719509f4-e44f-5a5b-8c3b-e4383b9f6c3a, job is valid till 2026/5/22 6:30:23
[2026-05-22 06:21:23Z INFO JobDispatcher] Successfully renew job 719509f4-e44f-5a5b-8c3b-e4383b9f6c3a, job is valid till 2026/5/22 6:31:23
[2026-05-22 06:22:23Z INFO JobDispatcher] Successfully renew job 719509f4-e44f-5a5b-8c3b-e4383b9f6c3a, job is valid till 2026/5/22 6:32:23
[2026-05-22 06:23:23Z INFO JobDispatcher] Successfully renew job 719509f4-e44f-5a5b-8c3b-e4383b9f6c3a, job is valid till 2026/5/22 6:33:23
[2026-05-22 06:24:23Z INFO JobDispatcher] Successfully renew job 719509f4-e44f-5a5b-8c3b-e4383b9f6c3a, job is valid till 2026/5/22 6:34:23
[2026-05-22 06:25:23Z INFO JobDispatcher] Successfully renew job 719509f4-e44f-5a5b-8c3b-e4383b9f6c3a, job is valid till 2026/5/22 6:35:23
[2026-05-22 06:26:24Z INFO JobDispatcher] Successfully renew job 719509f4-e44f-5a5b-8c3b-e4383b9f6c3a, job is valid till 2026/5/22 6:36:24
[2026-05-22 06:27:24Z INFO JobDispatcher] Successfully renew job 719509f4-e44f-5a5b-8c3b-e4383b9f6c3a, job is valid till 2026/5/22 6:37:24
[2026-05-22 06:28:24Z INFO JobDispatcher] Successfully renew job 719509f4-e44f-5a5b-8c3b-e4383b9f6c3a, job is valid till 2026/5/22 6:38:24
[2026-05-22 06:29:24Z INFO JobDispatcher] Successfully renew job 719509f4-e44f-5a5b-8c3b-e4383b9f6c3a, job is valid till 2026/5/22 6:39:24
[2026-05-22 06:30:24Z INFO JobDispatcher] Successfully renew job 719509f4-e44f-5a5b-8c3b-e4383b9f6c3a, job is valid till 2026/5/22 6:40:24
[2026-05-22 06:31:24Z INFO JobDispatcher] Successfully renew job 719509f4-e44f-5a5b-8c3b-e4383b9f6c3a, job is valid till 2026/5/22 6:41:24
[2026-05-22 06:32:24Z INFO JobDispatcher] Successfully renew job 719509f4-e44f-5a5b-8c3b-e4383b9f6c3a, job is valid till 2026/5/22 6:42:24
[2026-05-22 06:33:24Z INFO JobDispatcher] Successfully renew job 719509f4-e44f-5a5b-8c3b-e4383b9f6c3a, job is valid till 2026/5/22 6:43:24
[2026-05-22 06:34:24Z INFO JobDispatcher] Successfully renew job 719509f4-e44f-5a5b-8c3b-e4383b9f6c3a, job is valid till 2026/5/22 6:44:25
[2026-05-22 06:35:25Z INFO JobDispatcher] Successfully renew job 719509f4-e44f-5a5b-8c3b-e4383b9f6c3a, job is valid till 2026/5/22 6:45:25
[2026-05-22 06:36:25Z INFO JobDispatcher] Successfully renew job 719509f4-e44f-5a5b-8c3b-e4383b9f6c3a, job is valid till 2026/5/22 6:46:25
[2026-05-22 06:37:25Z INFO JobDispatcher] Successfully renew job 719509f4-e44f-5a5b-8c3b-e4383b9f6c3a, job is valid till 2026/5/22 6:47:25
[2026-05-22 06:37:29Z INFO ProcessInvokerWrapper] STDOUT/STDERR stream read finished.
[2026-05-22 06:37:29Z INFO ProcessInvokerWrapper] STDOUT/STDERR stream read finished.
[2026-05-22 06:37:29Z INFO ProcessInvokerWrapper] Finished process 40096 with exit code 100, and elapsed time 00:23:07.1092203.
[2026-05-22 06:37:29Z INFO JobDispatcher] Worker finished for job 719509f4-e44f-5a5b-8c3b-e4383b9f6c3a. Code: 100
[2026-05-22 06:37:29Z INFO JobDispatcher] finish job request for job 719509f4-e44f-5a5b-8c3b-e4383b9f6c3a with result: Succeeded
[2026-05-22 06:37:29Z INFO Terminal] WRITE LINE: 2026-05-22 06:37:29Z: Job run-pipeline completed with result: Succeeded
[2026-05-22 06:37:29Z INFO JobDispatcher] Stop renew job request for job 719509f4-e44f-5a5b-8c3b-e4383b9f6c3a.
[2026-05-22 06:37:29Z INFO JobDispatcher] job renew has been cancelled, stop renew job 719509f4-e44f-5a5b-8c3b-e4383b9f6c3a.
[2026-05-22 06:37:29Z INFO JobNotification] Entering JobCompleted Notification
[2026-05-22 06:37:29Z INFO JobNotification] Entering EndMonitor
[2026-05-22 06:37:29Z INFO BrokerMessageListener] Received job status event. JobState: Online
[2026-05-22 06:37:29Z WARN GitHubActionsService] GET request to https://broker.actions.githubusercontent.com/message?sessionId=6a1900c8-4ce8-4b4c-afb2-1909f944728c&status=Busy&runnerVersion=2.334.0&os=Windows&architecture=X64&disableUpdate=false has been cancelled.
[2026-05-22 06:37:29Z ERR  BrokerServer] Catch exception during request
[2026-05-22 06:37:29Z ERR  BrokerServer] System.Threading.Tasks.TaskCanceledException: The operation was canceled.
 ---> System.Threading.Tasks.TaskCanceledException: The operation was canceled.
 ---> System.IO.IOException: Unable to read data from the transport connection: 由于线程退出或应用程序请求，已中止 I/O 操作。.
 ---> System.Net.Sockets.SocketException (995): 由于线程退出或应用程序请求，已中止 I/O 操作。
   --- End of inner exception stack trace ---
   at System.Net.Sockets.Socket.AwaitableSocketAsyncEventArgs.ThrowException(SocketError error, CancellationToken cancellationToken)
   at System.Net.Sockets.Socket.AwaitableSocketAsyncEventArgs.System.Threading.Tasks.Sources.IValueTaskSource<System.Int32>.GetResult(Int16 token)
   at System.Net.Security.SslStream.EnsureFullTlsFrameAsync[TIOAdapter](CancellationToken cancellationToken, Int32 estimatedSize)
   at System.Runtime.CompilerServices.PoolingAsyncValueTaskMethodBuilder`1.StateMachineBox`1.System.Threading.Tasks.Sources.IValueTaskSource<TResult>.GetResult(Int16 token)
   at System.Net.Security.SslStream.ReadAsyncInternal[TIOAdapter](Memory`1 buffer, CancellationToken cancellationToken)
   at System.Runtime.CompilerServices.PoolingAsyncValueTaskMethodBuilder`1.StateMachineBox`1.System.Threading.Tasks.Sources.IValueTaskSource<TResult>.GetResult(Int16 token)
   at System.Net.Http.HttpConnection.SendAsync(HttpRequestMessage request, Boolean async, CancellationToken cancellationToken)
   --- End of inner exception stack trace ---
   at System.Net.Http.HttpConnection.SendAsync(HttpRequestMessage request, Boolean async, CancellationToken cancellationToken)
   at System.Net.Http.AuthenticationHelper.SendWithNtAuthAsync(HttpRequestMessage request, Uri authUri, Boolean async, ICredentials credentials, Boolean isProxyAuth, HttpConnection connection, HttpConnectionPool connectionPool, CancellationToken cancellationToken)
   at System.Net.Http.HttpConnectionPool.SendWithVersionDetectionAndRetryAsync(HttpRequestMessage request, Boolean async, Boolean doRequestAuth, CancellationToken cancellationToken)
   at System.Net.Http.AuthenticationHelper.SendWithAuthAsync(HttpRequestMessage request, Uri authUri, Boolean async, ICredentials credentials, Boolean preAuthenticate, Boolean isProxyAuth, Boolean doRequestAuth, HttpConnectionPool pool, CancellationToken cancellationToken)
   at System.Net.Http.RedirectHandler.SendAsync(HttpRequestMessage request, Boolean async, CancellationToken cancellationToken)
   at GitHub.Services.Common.RawHttpMessageHandler.SendAsync(HttpRequestMessage request, CancellationToken cancellationToken)
   at GitHub.Services.Common.VssHttpRetryMessageHandler.SendAsync(HttpRequestMessage request, CancellationToken cancellationToken)
   at System.Net.Http.HttpClient.<SendAsync>g__Core|83_0(HttpRequestMessage request, HttpCompletionOption completionOption, CancellationTokenSource cts, Boolean disposeCts, CancellationTokenSource pendingRequestsCts, CancellationToken originalCancellationToken)
   --- End of inner exception stack trace ---
   at System.Net.Http.HttpClient.HandleFailure(Exception e, Boolean telemetryStarted, HttpResponseMessage response, CancellationTokenSource cts, CancellationToken cancellationToken, CancellationTokenSource pendingRequestsCts)
   at System.Net.Http.HttpClient.<SendAsync>g__Core|83_0(HttpRequestMessage request, HttpCompletionOption completionOption, CancellationTokenSource cts, Boolean disposeCts, CancellationTokenSource pendingRequestsCts, CancellationToken originalCancellationToken)
   at Sdk.WebApi.WebApi.RawHttpClientBase.SendAsync(HttpRequestMessage message, HttpCompletionOption completionOption, Object userState, CancellationToken cancellationToken)
   at Sdk.WebApi.WebApi.RawHttpClientBase.SendAsync[T](HttpRequestMessage message, Boolean readErrorBody, Object userState, CancellationToken cancellationToken)
   at Sdk.WebApi.WebApi.RawHttpClientBase.SendAsync[T](HttpMethod method, IEnumerable`1 additionalHeaders, Uri requestUri, HttpContent content, IEnumerable`1 queryParameters, Boolean readErrorBody, Object userState, CancellationToken cancellationToken)
   at GitHub.Actions.RunService.WebApi.BrokerHttpClient.GetRunnerMessageAsync(Nullable`1 sessionId, String runnerVersion, Nullable`1 status, String os, String architecture, Nullable`1 disableUpdate, CancellationToken cancellationToken)
   at GitHub.Runner.Common.BrokerServer.<>c__DisplayClass7_0.<<GetRunnerMessageAsync>b__0>d.MoveNext()
--- End of stack trace from previous location ---
   at GitHub.Runner.Common.RunnerService.RetryRequest[T](Func`1 func, CancellationToken cancellationToken, Int32 maxAttempts, Func`2 shouldRetry)
[2026-05-22 06:37:29Z ERR  BrokerServer] #####################################################
[2026-05-22 06:37:29Z ERR  BrokerServer] System.Threading.Tasks.TaskCanceledException: The operation was canceled.
 ---> System.IO.IOException: Unable to read data from the transport connection: 由于线程退出或应用程序请求，已中止 I/O 操作。.
 ---> System.Net.Sockets.SocketException (995): 由于线程退出或应用程序请求，已中止 I/O 操作。
   --- End of inner exception stack trace ---
   at System.Net.Sockets.Socket.AwaitableSocketAsyncEventArgs.ThrowException(SocketError error, CancellationToken cancellationToken)
   at System.Net.Sockets.Socket.AwaitableSocketAsyncEventArgs.System.Threading.Tasks.Sources.IValueTaskSource<System.Int32>.GetResult(Int16 token)
   at System.Net.Security.SslStream.EnsureFullTlsFrameAsync[TIOAdapter](CancellationToken cancellationToken, Int32 estimatedSize)
   at System.Runtime.CompilerServices.PoolingAsyncValueTaskMethodBuilder`1.StateMachineBox`1.System.Threading.Tasks.Sources.IValueTaskSource<TResult>.GetResult(Int16 token)
   at System.Net.Security.SslStream.ReadAsyncInternal[TIOAdapter](Memory`1 buffer, CancellationToken cancellationToken)
   at System.Runtime.CompilerServices.PoolingAsyncValueTaskMethodBuilder`1.StateMachineBox`1.System.Threading.Tasks.Sources.IValueTaskSource<TResult>.GetResult(Int16 token)
   at System.Net.Http.HttpConnection.SendAsync(HttpRequestMessage request, Boolean async, CancellationToken cancellationToken)
   --- End of inner exception stack trace ---
   at System.Net.Http.HttpConnection.SendAsync(HttpRequestMessage request, Boolean async, CancellationToken cancellationToken)
   at System.Net.Http.AuthenticationHelper.SendWithNtAuthAsync(HttpRequestMessage request, Uri authUri, Boolean async, ICredentials credentials, Boolean isProxyAuth, HttpConnection connection, HttpConnectionPool connectionPool, CancellationToken cancellationToken)
   at System.Net.Http.HttpConnectionPool.SendWithVersionDetectionAndRetryAsync(HttpRequestMessage request, Boolean async, Boolean doRequestAuth, CancellationToken cancellationToken)
   at System.Net.Http.AuthenticationHelper.SendWithAuthAsync(HttpRequestMessage request, Uri authUri, Boolean async, ICredentials credentials, Boolean preAuthenticate, Boolean isProxyAuth, Boolean doRequestAuth, HttpConnectionPool pool, CancellationToken cancellationToken)
   at System.Net.Http.RedirectHandler.SendAsync(HttpRequestMessage request, Boolean async, CancellationToken cancellationToken)
   at GitHub.Services.Common.RawHttpMessageHandler.SendAsync(HttpRequestMessage request, CancellationToken cancellationToken)
   at GitHub.Services.Common.VssHttpRetryMessageHandler.SendAsync(HttpRequestMessage request, CancellationToken cancellationToken)
   at System.Net.Http.HttpClient.<SendAsync>g__Core|83_0(HttpRequestMessage request, HttpCompletionOption completionOption, CancellationTokenSource cts, Boolean disposeCts, CancellationTokenSource pendingRequestsCts, CancellationToken originalCancellationToken)
[2026-05-22 06:37:29Z ERR  BrokerServer] #####################################################
[2026-05-22 06:37:29Z ERR  BrokerServer] System.IO.IOException: Unable to read data from the transport connection: 由于线程退出或应用程序请求，已中止 I/O 操作。.
 ---> System.Net.Sockets.SocketException (995): 由于线程退出或应用程序请求，已中止 I/O 操作。
   --- End of inner exception stack trace ---
   at System.Net.Sockets.Socket.AwaitableSocketAsyncEventArgs.ThrowException(SocketError error, CancellationToken cancellationToken)
   at System.Net.Sockets.Socket.AwaitableSocketAsyncEventArgs.System.Threading.Tasks.Sources.IValueTaskSource<System.Int32>.GetResult(Int16 token)
   at System.Net.Security.SslStream.EnsureFullTlsFrameAsync[TIOAdapter](CancellationToken cancellationToken, Int32 estimatedSize)
   at System.Runtime.CompilerServices.PoolingAsyncValueTaskMethodBuilder`1.StateMachineBox`1.System.Threading.Tasks.Sources.IValueTaskSource<TResult>.GetResult(Int16 token)
   at System.Net.Security.SslStream.ReadAsyncInternal[TIOAdapter](Memory`1 buffer, CancellationToken cancellationToken)
   at System.Runtime.CompilerServices.PoolingAsyncValueTaskMethodBuilder`1.StateMachineBox`1.System.Threading.Tasks.Sources.IValueTaskSource<TResult>.GetResult(Int16 token)
   at System.Net.Http.HttpConnection.SendAsync(HttpRequestMessage request, Boolean async, CancellationToken cancellationToken)
[2026-05-22 06:37:29Z ERR  BrokerServer] #####################################################
[2026-05-22 06:37:29Z ERR  BrokerServer] System.Net.Sockets.SocketException (995): 由于线程退出或应用程序请求，已中止 I/O 操作。
[2026-05-22 06:37:29Z WARN BrokerServer] Back off 8.708 seconds before next retry. 4 attempt left.
[2026-05-22 06:37:29Z INFO BrokerMessageListener] Get messages has been cancelled using local token source. Continue to get messages with new status.
[2026-05-22 07:04:15Z INFO RSAEncryptedFileKeyManager] Loading RSA key parameters from file C:\Users\HP\Desktop\cn-ai-monitor\actions-runner\.credentials_rsaparams
[2026-05-22 07:04:15Z INFO GitHubActionsService] AAD Correlation ID for this token request: Unknown
[2026-05-22 07:54:27Z INFO RSAEncryptedFileKeyManager] Loading RSA key parameters from file C:\Users\HP\Desktop\cn-ai-monitor\actions-runner\.credentials_rsaparams
[2026-05-22 07:54:27Z INFO GitHubActionsService] AAD Correlation ID for this token request: Unknown
[2026-05-22 07:58:49Z INFO Runner] Received RunnerRefreshConfigMessage for 'runner' config file
[2026-05-22 07:58:49Z INFO RunnerConfigUpdater] Verifying runner qualified id: U_kgDOEQ4TJQ/R_kgDOSiUtoA/self-hosted/22
[2026-05-22 07:58:49Z INFO HostContext] Well known directory 'Bin': 'C:\Users\HP\Desktop\cn-ai-monitor\actions-runner\bin'
[2026-05-22 07:58:49Z INFO HostContext] Well known directory 'Root': 'C:\Users\HP\Desktop\cn-ai-monitor\actions-runner'
[2026-05-22 07:58:49Z INFO HostContext] Well known config file 'Runner': 'C:\Users\HP\Desktop\cn-ai-monitor\actions-runner\.runner'
[2026-05-22 07:58:50Z INFO RSAEncryptedFileKeyManager] Loading RSA key parameters from file C:\Users\HP\Desktop\cn-ai-monitor\actions-runner\.credentials_rsaparams
[2026-05-22 07:58:50Z INFO RSAEncryptedFileKeyManager] Loading RSA key parameters from file C:\Users\HP\Desktop\cn-ai-monitor\actions-runner\.credentials_rsaparams
[2026-05-22 07:58:51Z INFO GitHubActionsService] AAD Correlation ID for this token request: Unknown
[2026-05-22 07:58:51Z INFO ConfigurationStore] Saving runner migrated settings
[2026-05-22 07:58:51Z INFO ConfigurationStore] Migrated Settings Saved.
[2026-05-22 07:58:51Z INFO Runner] Runner configuration was updated. Session restart has been scheduled
[2026-05-22 07:58:51Z INFO Runner] Pending session restart detected and job dispatcher is not busy. Restarting session now.
[2026-05-22 07:58:51Z INFO JobDispatcher] Shutting down JobDispatcher. Make sure all WorkerDispatcher has finished.
[2026-05-22 07:58:51Z INFO JobDispatcher] Ensure WorkerDispatcher for job 719509f4-e44f-5a5b-8c3b-e4383b9f6c3a run to finish, cancel any running job.
[2026-05-22 07:58:51Z INFO JobDispatcher] Job request 719509f4-e44f-5a5b-8c3b-e4383b9f6c3a processed succeed.
[2026-05-22 07:58:51Z INFO Runner] Deleting Runner Session...
[2026-05-22 07:58:51Z INFO Runner] Restarting runner session after config update...
[2026-05-22 07:58:51Z INFO Runner] Runner configuration was refreshed, restarting session...
[2026-05-22 07:58:51Z INFO ConfigurationManager] LoadSettings
[2026-05-22 07:58:51Z INFO ConfigurationStore] IsConfigured()
[2026-05-22 07:58:51Z INFO ConfigurationStore] IsConfigured: True
[2026-05-22 07:58:51Z INFO ConfigurationManager] Is configured: True
[2026-05-22 07:58:51Z INFO ConfigurationManager] Settings Loaded
[2026-05-22 07:58:51Z INFO Runner] RunAsync
[2026-05-22 07:58:51Z INFO HostContext] Well known directory 'Bin': 'C:\Users\HP\Desktop\cn-ai-monitor\actions-runner\bin'
[2026-05-22 07:58:51Z INFO HostContext] Well known directory 'Root': 'C:\Users\HP\Desktop\cn-ai-monitor\actions-runner'
[2026-05-22 07:58:51Z INFO HostContext] Well known directory 'Work': 'C:\Users\HP\Desktop\cn-ai-monitor\actions-runner\_work'
[2026-05-22 07:58:51Z INFO Runner] Validating directory permissions for: 'C:\Users\HP\Desktop\cn-ai-monitor\actions-runner\_work'
[2026-05-22 07:58:51Z INFO ConfigurationManager] LoadMigratedSettings
[2026-05-22 07:58:51Z INFO ConfigurationStore] IsMigratedConfigured()
[2026-05-22 07:58:51Z INFO ConfigurationStore] IsMigratedConfigured: True
[2026-05-22 07:58:51Z INFO ConfigurationStore] Read migrated setting file: 405 chars
[2026-05-22 07:58:51Z INFO ConfigurationManager] Migrated Settings Loaded
[2026-05-22 07:58:51Z INFO Runner] Loaded migrated settings from .runner_migrated file
[2026-05-22 07:58:51Z INFO Runner] {
  "AgentId": 22,
  "AgentName": "LAPTOP-3R1QPMN2",
  "PoolId": 1,
  "PoolName": "Default",
  "ServerUrl": "https://pipelinesghubeus6.actions.githubusercontent.com/vvsyLwDlA4DmNgXhKz20gfIBa28NbTb3Fw4MxJD7iZbb0xdbot/",
  "GitHubUrl": "https://github.com/sis017-pixel/cn-ai-monitor",
  "WorkFolder": "_work",
  "UseV2Flow": true,
  "ServerUrlV2": "https://broker.actions.githubusercontent.com/"
}
[2026-05-22 07:58:51Z INFO Runner] Attempting to create session using migrated settings
[2026-05-22 07:58:51Z INFO Runner] Using BrokerMessageListener
[2026-05-22 07:58:51Z INFO BrokerMessageListener] Using provided settings
[2026-05-22 07:58:51Z INFO BrokerMessageListener] Using migrated settings from .runner_migrated
[2026-05-22 07:58:51Z INFO BrokerMessageListener] {
  "AgentId": 22,
  "AgentName": "LAPTOP-3R1QPMN2",
  "PoolId": 1,
  "PoolName": "Default",
  "ServerUrl": "https://pipelinesghubeus6.actions.githubusercontent.com/vvsyLwDlA4DmNgXhKz20gfIBa28NbTb3Fw4MxJD7iZbb0xdbot/",
  "GitHubUrl": "https://github.com/sis017-pixel/cn-ai-monitor",
  "WorkFolder": "_work",
  "UseV2Flow": true,
  "ServerUrlV2": "https://broker.actions.githubusercontent.com/"
}
[2026-05-22 07:58:51Z INFO BrokerMessageListener] Loading Credentials
[2026-05-22 07:58:51Z INFO ConfigurationStore] HasCredentials()
[2026-05-22 07:58:51Z INFO ConfigurationStore] stored True
[2026-05-22 07:58:51Z INFO CredentialManager] GetCredentialProvider
[2026-05-22 07:58:51Z INFO CredentialManager] Creating type OAuth
[2026-05-22 07:58:51Z INFO CredentialManager] Creating credential type: OAuth
[2026-05-22 07:58:51Z INFO RSAEncryptedFileKeyManager] Loading RSA key parameters from file C:\Users\HP\Desktop\cn-ai-monitor\actions-runner\.credentials_rsaparams
[2026-05-22 07:58:51Z INFO BrokerMessageListener] Attempt to create session.
[2026-05-22 07:58:51Z INFO BrokerMessageListener] Connecting to the Broker Server...
[2026-05-22 07:58:51Z INFO ConfigurationStore] HasCredentials()
[2026-05-22 07:58:51Z INFO ConfigurationStore] stored True
[2026-05-22 07:58:51Z INFO CredentialManager] GetCredentialProvider
[2026-05-22 07:58:51Z INFO CredentialManager] Creating type OAuth
[2026-05-22 07:58:51Z INFO CredentialManager] Creating credential type: OAuth
[2026-05-22 07:58:51Z INFO RSAEncryptedFileKeyManager] Loading RSA key parameters from file C:\Users\HP\Desktop\cn-ai-monitor\actions-runner\.credentials_rsaparams
[2026-05-22 07:58:51Z INFO BrokerMessageListener] VssConnection created
[2026-05-22 07:58:51Z INFO BrokerMessageListener] Connecting to the Runner server...
[2026-05-22 07:58:51Z INFO RunnerServer] EstablishVssConnection
[2026-05-22 07:58:51Z INFO RunnerServer] Establish connection with 100 seconds timeout.
[2026-05-22 07:58:51Z INFO GitHubActionsService] Starting operation Location.GetConnectionData
[2026-05-22 07:58:51Z INFO RunnerServer] EstablishVssConnection
[2026-05-22 07:58:51Z INFO RunnerServer] Establish connection with 60 seconds timeout.
[2026-05-22 07:58:51Z INFO GitHubActionsService] Starting operation Location.GetConnectionData
[2026-05-22 07:58:51Z INFO RunnerServer] EstablishVssConnection
[2026-05-22 07:58:51Z INFO RunnerServer] Establish connection with 60 seconds timeout.
[2026-05-22 07:58:51Z INFO GitHubActionsService] Starting operation Location.GetConnectionData
[2026-05-22 07:58:52Z INFO GitHubActionsService] Finished operation Location.GetConnectionData
[2026-05-22 07:58:52Z INFO GitHubActionsService] Finished operation Location.GetConnectionData
[2026-05-22 07:58:52Z INFO GitHubActionsService] Finished operation Location.GetConnectionData
[2026-05-22 07:58:52Z INFO BrokerMessageListener] VssConnection created
[2026-05-22 07:58:52Z INFO Terminal] WRITE LINE: 
[2026-05-22 07:58:52Z INFO Terminal] WRITE LINE: 
[2026-05-22 07:58:52Z INFO RSAEncryptedFileKeyManager] Loading RSA key parameters from file C:\Users\HP\Desktop\cn-ai-monitor\actions-runner\.credentials_rsaparams
[2026-05-22 07:58:52Z INFO RSAEncryptedFileKeyManager] Loading RSA key parameters from file C:\Users\HP\Desktop\cn-ai-monitor\actions-runner\.credentials_rsaparams
[2026-05-22 07:58:52Z INFO GitHubActionsService] AAD Correlation ID for this token request: Unknown
[2026-05-22 07:58:52Z INFO BrokerMessageListener] Session created.
[2026-05-22 07:58:52Z INFO Runner] Successfully created session with migrated settings
[2026-05-22 07:58:52Z INFO Terminal] WRITE LINE: Current runner version: '2.334.0'
[2026-05-22 07:58:52Z INFO Terminal] WRITE LINE: 2026-05-22 07:58:52Z: Listening for Jobs
[2026-05-22 07:58:52Z INFO JobDispatcher] Set runner/worker IPC timeout to 30 seconds.
[2026-05-22 08:49:04Z INFO RSAEncryptedFileKeyManager] Loading RSA key parameters from file C:\Users\HP\Desktop\cn-ai-monitor\actions-runner\.credentials_rsaparams
[2026-05-22 08:49:04Z INFO GitHubActionsService] AAD Correlation ID for this token request: Unknown
[2026-05-22 09:39:16Z INFO RSAEncryptedFileKeyManager] Loading RSA key parameters from file C:\Users\HP\Desktop\cn-ai-monitor\actions-runner\.credentials_rsaparams
[2026-05-22 09:39:17Z INFO GitHubActionsService] AAD Correlation ID for this token request: Unknown
[2026-05-22 10:29:28Z INFO RSAEncryptedFileKeyManager] Loading RSA key parameters from file C:\Users\HP\Desktop\cn-ai-monitor\actions-runner\.credentials_rsaparams
[2026-05-22 10:29:29Z INFO GitHubActionsService] AAD Correlation ID for this token request: Unknown
[2026-05-22 11:19:40Z INFO RSAEncryptedFileKeyManager] Loading RSA key parameters from file C:\Users\HP\Desktop\cn-ai-monitor\actions-runner\.credentials_rsaparams
[2026-05-22 11:19:41Z INFO GitHubActionsService] AAD Correlation ID for this token request: Unknown
